2026-02-07 14:55:15,590 - __main__ - Очередь создана, размер: 0
2026-02-07 14:55:15,590 - __main__ - Запуск Watcher для папки: ./watch_folder
2026-02-07 14:55:15,591 - __main__ - Watcher запущен
2026-02-07 14:55:15,591 - __main__ - Запуск Worker для обработки файлов...
2026-02-07 14:55:15,591 - watcher - Наблюдатель запущен по пути ./watch_folder
2026-02-07 14:55:15,591 - processor - Воркер по обработке файлов запущен
2026-02-07 14:55:15,591 - __main__ - Worker запущен
2026-02-07 14:55:23,538 - __main__ - Очередь создана, размер: 0
2026-02-07 14:55:23,538 - __main__ - Запуск Watcher для папки: ./watch_folder
2026-02-07 14:55:23,539 - __main__ - Watcher запущен
2026-02-07 14:55:23,539 - __main__ - Запуск Worker для обработки файлов...
2026-02-07 14:55:23,539 - watcher - Наблюдатель запущен по пути ./watch_folder
2026-02-07 14:55:23,539 - processor - Воркер по обработке файлов запущен
2026-02-07 14:55:23,539 - __main__ - Worker запущен
2026-02-07 14:55:39,156 - watcher - Найден файл: test_1.txt (event: created)
2026-02-07 14:55:39,156 - watcher - Найден файл: test_1.txt (event: created)
2026-02-07 14:55:41,157 - watcher - Файл добавлен в очередь: test_1.txt
2026-02-07 14:55:41,157 - watcher - Файл добавлен в очередь: test_1.txt
2026-02-07 14:55:41,157 - processor - Начинаю обработку файла: ./watch_folder\test_1.txt
2026-02-07 14:55:41,157 - processor - Начинаю обработку файла: ./watch_folder\test_1.txt
2026-02-07 14:55:41,161 - processor - Повторная попытка 1 для ./watch_folder\test_1.txt через 1 секунд
2026-02-07 14:55:41,176 - processor - Повторная попытка 1 для ./watch_folder\test_1.txt через 1 секунд
2026-02-07 14:55:42,162 - processor - Повторная попытка 2 для ./watch_folder\test_1.txt через 3 секунд
2026-02-07 14:55:42,177 - processor - Повторная попытка 2 для ./watch_folder\test_1.txt через 3 секунд
2026-02-07 14:55:45,163 - processor - Не удалось обработать после 3 попыток: ./watch_folder\test_1.txt
2026-02-07 14:55:45,163 - processor - Ошибка: (sqlite3.IntegrityError) NOT NULL constraint failed: files.lines
[SQL: INSERT INTO files (path, status, lines, error, created_at, processed_at) VALUES (?, ?, ?, ?, ?, ?)]
[parameters: ('./watch_folder\\test_1.txt', 'FAILED', None, "'charmap' codec can't decode byte 0x98 in position 310: character maps to <undefined>", None, None)]
(Background on this error at: https://sqlalche.me/e/20/gkpj)
2026-02-07 14:55:45,178 - processor - Не удалось обработать после 3 попыток: ./watch_folder\test_1.txt
2026-02-07 14:55:45,178 - processor - Ошибка: (sqlite3.IntegrityError) NOT NULL constraint failed: files.lines
[SQL: INSERT INTO files (path, status, lines, error, created_at, processed_at) VALUES (?, ?, ?, ?, ?, ?)]
[parameters: ('./watch_folder\\test_1.txt', 'FAILED', None, "'charmap' codec can't decode byte 0x98 in position 310: character maps to <undefined>", None, None)]
(Background on this error at: https://sqlalche.me/e/20/gkpj)
2026-02-07 14:56:53,325 - __main__ - Очередь создана, размер: 0
2026-02-07 14:56:53,325 - __main__ - Запуск Watcher для папки: ./watch_folder
2026-02-07 14:56:53,325 - __main__ - Watcher запущен
2026-02-07 14:56:53,325 - __main__ - Запуск Worker для обработки файлов...
2026-02-07 14:56:53,326 - __main__ - Worker запущен
2026-02-07 14:56:59,839 - watcher - Наблюдатель запущен по пути ./watch_folder
2026-02-07 14:57:18,914 - __main__ - Очередь создана, размер: 0
2026-02-07 14:57:18,915 - __main__ - Запуск Watcher для папки: ./watch_folder
2026-02-07 14:57:18,915 - __main__ - Watcher запущен
2026-02-07 14:57:18,915 - __main__ - Запуск Worker для обработки файлов...
2026-02-07 14:57:18,916 - processor - Воркер по обработке файлов запущен
2026-02-07 14:57:18,916 - __main__ - Worker запущен
2026-02-07 14:57:26,032 - __main__ - Очередь создана, размер: 0
2026-02-07 14:57:26,032 - __main__ - Запуск Watcher для папки: ./watch_folder
2026-02-07 14:57:26,033 - __main__ - Watcher запущен
2026-02-07 14:57:26,033 - __main__ - Запуск Worker для обработки файлов...
2026-02-07 14:57:26,033 - processor - Воркер по обработке файлов запущен
2026-02-07 14:57:26,033 - __main__ - Worker запущен
2026-02-07 14:57:26,033 - watcher - Наблюдатель запущен по пути ./watch_folder
2026-02-07 14:57:48,368 - watcher - Найден файл: test_1.txt (event: created)
2026-02-07 14:57:48,368 - watcher - Найден файл: test_1.txt (event: created)
2026-02-07 14:57:50,369 - watcher - Файл добавлен в очередь: test_1.txt
2026-02-07 14:57:50,369 - processor - Начинаю обработку файла: ./watch_folder\test_1.txt
2026-02-07 14:57:50,369 - watcher - Файл добавлен в очередь: test_1.txt
2026-02-07 14:57:50,369 - processor - Начинаю обработку файла: ./watch_folder\test_1.txt
2026-02-07 14:57:50,371 - processor - Повторная попытка 1 для ./watch_folder\test_1.txt через 1 секунд
2026-02-07 14:57:50,373 - processor - Повторная попытка 1 для ./watch_folder\test_1.txt через 1 секунд
2026-02-07 14:57:51,372 - processor - Повторная попытка 2 для ./watch_folder\test_1.txt через 3 секунд
2026-02-07 14:57:51,374 - processor - Повторная попытка 2 для ./watch_folder\test_1.txt через 3 секунд
2026-02-07 14:57:54,373 - processor - Не удалось обработать после 3 попыток: ./watch_folder\test_1.txt
2026-02-07 14:57:54,373 - processor - Ошибка: (sqlite3.IntegrityError) NOT NULL constraint failed: files.lines
[SQL: INSERT INTO files (path, status, lines, error, created_at, processed_at) VALUES (?, ?, ?, ?, ?, ?)]
[parameters: ('./watch_folder\\test_1.txt', 'FAILED', None, "'charmap' codec can't decode byte 0x98 in position 310: character maps to <undefined>", None, None)]
(Background on this error at: https://sqlalche.me/e/20/gkpj)
2026-02-07 14:57:54,375 - processor - Не удалось обработать после 3 попыток: ./watch_folder\test_1.txt
2026-02-07 14:57:54,375 - processor - Ошибка: (sqlite3.IntegrityError) NOT NULL constraint failed: files.lines
[SQL: INSERT INTO files (path, status, lines, error, created_at, processed_at) VALUES (?, ?, ?, ?, ?, ?)]
[parameters: ('./watch_folder\\test_1.txt', 'FAILED', None, "'charmap' codec can't decode byte 0x98 in position 310: character maps to <undefined>", None, None)]
(Background on this error at: https://sqlalche.me/e/20/gkpj)
2026-02-07 14:59:19,558 - __main__ - Очередь создана, размер: 0
2026-02-07 14:59:19,559 - __main__ - Запуск Watcher для папки: ./watch_folder
2026-02-07 14:59:19,559 - __main__ - Watcher запущен
2026-02-07 14:59:19,559 - __main__ - Запуск Worker для обработки файлов...
2026-02-07 14:59:19,559 - processor - Воркер по обработке файлов запущен
2026-02-07 14:59:19,560 - __main__ - Worker запущен
2026-02-07 14:59:45,686 - __main__ - Очередь создана, размер: 0
2026-02-07 14:59:45,686 - __main__ - Запуск Watcher для папки: ./watch_folder
2026-02-07 14:59:45,686 - __main__ - Watcher запущен
2026-02-07 14:59:45,686 - __main__ - Запуск Worker для обработки файлов...
2026-02-07 14:59:45,687 - watcher - Наблюдатель запущен по пути ./watch_folder
2026-02-07 14:59:45,687 - processor - Воркер по обработке файлов запущен
2026-02-07 14:59:45,687 - __main__ - Worker запущен
2026-02-07 15:00:07,342 - watcher - Найден файл: test_1.txt (event: created)
2026-02-07 15:00:07,342 - watcher - Найден файл: test_1.txt (event: created)
2026-02-07 15:00:09,342 - watcher - Файл добавлен в очередь: test_1.txt
2026-02-07 15:00:09,342 - processor - Начинаю обработку файла: ./watch_folder\test_1.txt
2026-02-07 15:00:09,343 - watcher - Файл добавлен в очередь: test_1.txt
2026-02-07 15:00:09,343 - processor - Начинаю обработку файла: ./watch_folder\test_1.txt
2026-02-07 15:00:09,344 - processor - Повторная попытка 1 для ./watch_folder\test_1.txt через 1 секунд
2026-02-07 15:00:09,344 - processor - Повторная попытка 1 для ./watch_folder\test_1.txt через 1 секунд
2026-02-07 15:00:10,344 - processor - Повторная попытка 2 для ./watch_folder\test_1.txt через 3 секунд
2026-02-07 15:00:10,345 - processor - Повторная попытка 2 для ./watch_folder\test_1.txt через 3 секунд
2026-02-07 15:00:13,345 - processor - Не удалось обработать после 3 попыток: ./watch_folder\test_1.txt
2026-02-07 15:00:13,345 - processor - Ошибка: print() got an unexpected keyword argument 'path'
2026-02-07 15:00:13,346 - processor - Не удалось обработать после 3 попыток: ./watch_folder\test_1.txt
2026-02-07 15:00:13,346 - processor - Ошибка: (sqlite3.IntegrityError) NOT NULL constraint failed: files.lines
[SQL: INSERT INTO files (path, status, lines, error, created_at, processed_at) VALUES (?, ?, ?, ?, ?, ?)]
[parameters: ('./watch_folder\\test_1.txt', 'FAILED', None, "'charmap' codec can't decode byte 0x98 in position 310: character maps to <undefined>", None, None)]
(Background on this error at: https://sqlalche.me/e/20/gkpj)
2026-02-07 15:00:59,957 - __main__ - Очередь создана, размер: 0
2026-02-07 15:00:59,957 - __main__ - Запуск Watcher для папки: ./watch_folder
2026-02-07 15:00:59,958 - __main__ - Watcher запущен
2026-02-07 15:00:59,958 - __main__ - Запуск Worker для обработки файлов...
2026-02-07 15:00:59,958 - processor - Воркер по обработке файлов запущен
2026-02-07 15:00:59,958 - __main__ - Worker запущен
2026-02-07 15:00:59,958 - watcher - Наблюдатель запущен по пути ./watch_folder
2026-02-07 15:01:12,796 - watcher - Найден файл: test_1.txt (event: created)
2026-02-07 15:01:12,796 - watcher - Найден файл: test_1.txt (event: created)
2026-02-07 15:01:14,797 - watcher - Файл добавлен в очередь: test_1.txt
2026-02-07 15:01:14,797 - processor - Начинаю обработку файла: ./watch_folder\test_1.txt
2026-02-07 15:01:14,797 - watcher - Файл добавлен в очередь: test_1.txt
2026-02-07 15:01:14,797 - processor - Начинаю обработку файла: ./watch_folder\test_1.txt
2026-02-07 15:01:14,798 - processor -  RESULT: {'path': './watch_folder\\test_1.txt', 'status': 'FAILED', 'lines': None, 'error': "'charmap' codec can't decode byte 0x98 in position 310: character maps to <undefined>"}
2026-02-07 15:01:14,798 - processor - Повторная попытка 1 для ./watch_folder\test_1.txt через 1 секунд
2026-02-07 15:01:14,800 - processor - Повторная попытка 1 для ./watch_folder\test_1.txt через 1 секунд
2026-02-07 15:01:15,800 - processor - Повторная попытка 2 для ./watch_folder\test_1.txt через 3 секунд
2026-02-07 15:01:15,801 - processor -  RESULT: {'path': './watch_folder\\test_1.txt', 'status': 'FAILED', 'lines': None, 'error': "'charmap' codec can't decode byte 0x98 in position 310: character maps to <undefined>"}
2026-02-07 15:01:15,801 - processor - Повторная попытка 2 для ./watch_folder\test_1.txt через 3 секунд
2026-02-07 15:01:18,802 - processor - Не удалось обработать после 3 попыток: ./watch_folder\test_1.txt
2026-02-07 15:01:18,802 - processor - Ошибка: (sqlite3.IntegrityError) NOT NULL constraint failed: files.lines
[SQL: INSERT INTO files (path, status, lines, error, created_at, processed_at) VALUES (?, ?, ?, ?, ?, ?)]
[parameters: ('./watch_folder\\test_1.txt', 'FAILED', None, "'charmap' codec can't decode byte 0x98 in position 310: character maps to <undefined>", None, None)]
(Background on this error at: https://sqlalche.me/e/20/gkpj)
2026-02-07 15:01:18,802 - processor -  RESULT: {'path': './watch_folder\\test_1.txt', 'status': 'FAILED', 'lines': None, 'error': "'charmap' codec can't decode byte 0x98 in position 310: character maps to <undefined>"}
2026-02-07 15:01:18,802 - processor - Не удалось обработать после 3 попыток: ./watch_folder\test_1.txt
2026-02-07 15:01:18,803 - processor - Ошибка: (sqlite3.IntegrityError) NOT NULL constraint failed: files.lines
[SQL: INSERT INTO files (path, status, lines, error, created_at, processed_at) VALUES (?, ?, ?, ?, ?, ?)]
[parameters: ('./watch_folder\\test_1.txt', 'FAILED', None, "'charmap' codec can't decode byte 0x98 in position 310: character maps to <undefined>", None, None)]
(Background on this error at: https://sqlalche.me/e/20/gkpj)
2026-02-07 15:04:10,271 - __main__ - Очередь создана, размер: 0
2026-02-07 15:04:10,271 - __main__ - Запуск Watcher для папки: ./watch_folder
2026-02-07 15:04:10,272 - __main__ - Watcher запущен
2026-02-07 15:04:10,272 - __main__ - Запуск Worker для обработки файлов...
2026-02-07 15:04:10,272 - processor - Воркер по обработке файлов запущен
2026-02-07 15:04:10,272 - __main__ - Worker запущен
2026-02-07 15:04:10,273 - watcher - Наблюдатель запущен по пути ./watch_folder
2026-02-07 15:04:16,092 - watcher - Найден файл: test_2.txt (event: created)
2026-02-07 15:04:16,092 - watcher - Найден файл: test_2.txt (event: created)
2026-02-07 15:04:18,093 - watcher - Файл добавлен в очередь: test_2.txt
2026-02-07 15:04:18,093 - watcher - Файл добавлен в очередь: test_2.txt
2026-02-07 15:04:18,093 - processor - Начинаю обработку файла: ./watch_folder\test_2.txt
2026-02-07 15:04:18,093 - processor - Начинаю обработку файла: ./watch_folder\test_2.txt
2026-02-07 15:04:18,094 - processor -  RESULT: {'path': './watch_folder\\test_2.txt', 'status': 'OK', 'lines': 11, 'error': None}
2026-02-07 15:04:18,095 - processor - Повторная попытка 1 для ./watch_folder\test_2.txt через 1 секунд
2026-02-07 15:04:18,096 - processor - Повторная попытка 1 для ./watch_folder\test_2.txt через 1 секунд
2026-02-07 15:04:19,096 - processor - Повторная попытка 2 для ./watch_folder\test_2.txt через 3 секунд
2026-02-07 15:04:19,097 - processor -  RESULT: {'path': './watch_folder\\test_2.txt', 'status': 'OK', 'lines': 11, 'error': None}
2026-02-07 15:04:19,098 - processor - Повторная попытка 2 для ./watch_folder\test_2.txt через 3 секунд
2026-02-07 15:04:22,097 - processor - Не удалось обработать после 3 попыток: ./watch_folder\test_2.txt
2026-02-07 15:04:22,097 - processor - Ошибка: (sqlite3.IntegrityError) NOT NULL constraint failed: files.created_at
[SQL: INSERT INTO files (path, status, lines, error, created_at, processed_at) VALUES (?, ?, ?, ?, ?, ?)]
[parameters: ('./watch_folder\\test_2.txt', 'OK', 11, None, None, None)]
(Background on this error at: https://sqlalche.me/e/20/gkpj)
2026-02-07 15:04:22,099 - processor -  RESULT: {'path': './watch_folder\\test_2.txt', 'status': 'OK', 'lines': 11, 'error': None}
2026-02-07 15:04:22,099 - processor - Не удалось обработать после 3 попыток: ./watch_folder\test_2.txt
2026-02-07 15:04:22,099 - processor - Ошибка: (sqlite3.IntegrityError) NOT NULL constraint failed: files.created_at
[SQL: INSERT INTO files (path, status, lines, error, created_at, processed_at) VALUES (?, ?, ?, ?, ?, ?)]
[parameters: ('./watch_folder\\test_2.txt', 'OK', 11, None, None, None)]
(Background on this error at: https://sqlalche.me/e/20/gkpj)
2026-02-07 15:09:29,864 - __main__ - Очередь создана, размер: 0
2026-02-07 15:09:29,864 - __main__ - Запуск Watcher для папки: ./watch_folder
2026-02-07 15:09:29,864 - __main__ - Watcher запущен
2026-02-07 15:09:29,865 - __main__ - Запуск Worker для обработки файлов...
2026-02-07 15:09:29,865 - processor - Воркер по обработке файлов запущен
2026-02-07 15:09:29,865 - __main__ - Worker запущен
2026-02-07 15:09:29,865 - watcher - Наблюдатель запущен по пути ./watch_folder
2026-02-07 15:09:37,709 - watcher - Найден файл: test_1.txt (event: created)
2026-02-07 15:09:37,709 - watcher - Найден файл: test_1.txt (event: created)
2026-02-07 15:09:39,710 - watcher - Файл добавлен в очередь: test_1.txt
2026-02-07 15:09:39,710 - watcher - Файл добавлен в очередь: test_1.txt
2026-02-07 15:09:39,710 - processor - Начинаю обработку файла: ./watch_folder\test_1.txt
2026-02-07 15:09:39,710 - processor - Начинаю обработку файла: ./watch_folder\test_1.txt
2026-02-07 15:09:39,711 - processor -  RESULT: {'path': './watch_folder\\test_1.txt', 'status': 'OK', 'lines': 9, 'error': None, 'created_at': datetime.datetime(2026, 2, 7, 15, 9, 39, 711784), 'processed_at': datetime.datetime(2026, 2, 7, 15, 9, 39, 711786)}
2026-02-07 15:09:39,712 - processor - Повторная попытка 1 для ./watch_folder\test_1.txt через 1 секунд
2026-02-07 15:09:39,719 - processor - Файл обработан: test_1.txt - статус: OK
2026-02-07 15:09:40,715 - processor - Повторная попытка 2 для ./watch_folder\test_1.txt через 3 секунд
2026-02-07 15:09:43,716 - processor - Не удалось обработать после 3 попыток: ./watch_folder\test_1.txt
2026-02-07 15:09:43,716 - processor - Ошибка: (sqlite3.IntegrityError) NOT NULL constraint failed: files.lines
[SQL: INSERT INTO files (path, status, lines, error, created_at, processed_at) VALUES (?, ?, ?, ?, ?, ?)]
[parameters: ('./watch_folder\\test_1.txt', 'FAILED', None, "'charmap' codec can't decode byte 0x98 in position 310: character maps to <undefined>", None, None)]
(Background on this error at: https://sqlalche.me/e/20/gkpj)
2026-02-07 15:10:03,930 - watcher - Найден файл: test_2.txt (event: created)
2026-02-07 15:10:03,930 - watcher - Найден файл: test_2.txt (event: created)
2026-02-07 15:10:05,930 - watcher - Файл добавлен в очередь: test_2.txt
2026-02-07 15:10:05,931 - processor - Начинаю обработку файла: ./watch_folder\test_2.txt
2026-02-07 15:10:05,931 - processor - Начинаю обработку файла: ./watch_folder\test_2.txt
2026-02-07 15:10:05,932 - processor -  RESULT: {'path': './watch_folder\\test_2.txt', 'status': 'OK', 'lines': 11, 'error': None, 'created_at': datetime.datetime(2026, 2, 7, 15, 10, 5, 932351), 'processed_at': datetime.datetime(2026, 2, 7, 15, 10, 5, 932353)}
2026-02-07 15:10:05,933 - processor - Повторная попытка 1 для ./watch_folder\test_2.txt через 1 секунд
2026-02-07 15:10:05,936 - processor - Файл обработан: test_2.txt - статус: OK
2026-02-07 15:10:06,934 - processor - Повторная попытка 2 для ./watch_folder\test_2.txt через 3 секунд
2026-02-07 15:10:09,935 - processor - Не удалось обработать после 3 попыток: ./watch_folder\test_2.txt
2026-02-07 15:10:09,935 - processor - Ошибка: (sqlite3.IntegrityError) NOT NULL constraint failed: files.created_at
[SQL: INSERT INTO files (path, status, lines, error, created_at, processed_at) VALUES (?, ?, ?, ?, ?, ?)]
[parameters: ('./watch_folder\\test_2.txt', 'OK', 11, None, None, None)]
(Background on this error at: https://sqlalche.me/e/20/gkpj)
2026-02-07 15:12:41,362 - watcher - Найден файл: test_3.txt (event: moved)
2026-02-07 15:12:43,362 - watcher - Файл добавлен в очередь: test_3.txt
2026-02-07 15:12:43,362 - watcher - Файл добавлен в очередь: test_3.txt
2026-02-07 15:12:43,362 - processor - Начинаю обработку файла: ./watch_folder\test_3.txt
2026-02-07 15:12:43,362 - processor - Начинаю обработку файла: ./watch_folder\test_3.txt
2026-02-07 15:12:43,363 - processor -  RESULT: {'path': './watch_folder\\test_3.txt', 'status': 'OK', 'lines': 0, 'error': None, 'created_at': datetime.datetime(2026, 2, 7, 15, 12, 43, 363013), 'processed_at': datetime.datetime(2026, 2, 7, 15, 12, 43, 363014)}
2026-02-07 15:12:43,363 - processor - Повторная попытка 1 для ./watch_folder\test_3.txt через 1 секунд
2026-02-07 15:12:43,367 - processor - Файл обработан: test_3.txt - статус: OK
2026-02-07 15:12:44,364 - processor - Повторная попытка 2 для ./watch_folder\test_3.txt через 3 секунд
2026-02-07 15:12:47,366 - processor - Не удалось обработать после 3 попыток: ./watch_folder\test_3.txt
2026-02-07 15:12:47,366 - processor - Ошибка: (sqlite3.IntegrityError) NOT NULL constraint failed: files.created_at
[SQL: INSERT INTO files (path, status, lines, error, created_at, processed_at) VALUES (?, ?, ?, ?, ?, ?)]
[parameters: ('./watch_folder\\test_3.txt', 'OK', 0, None, None, None)]
(Background on this error at: https://sqlalche.me/e/20/gkpj)
2026-02-07 15:13:21,796 - watcher - Найден файл: test_4.txt (event: moved)
2026-02-07 15:13:23,797 - watcher - Файл добавлен в очередь: test_4.txt
2026-02-07 15:13:23,797 - processor - Начинаю обработку файла: ./watch_folder\test_4.txt
2026-02-07 15:13:23,797 - processor -  RESULT: {'path': './watch_folder\\test_4.txt', 'status': 'OK', 'lines': 3, 'error': None, 'created_at': datetime.datetime(2026, 2, 7, 15, 13, 23, 797678), 'processed_at': datetime.datetime(2026, 2, 7, 15, 13, 23, 797679)}
2026-02-07 15:13:23,798 - processor - Повторная попытка 1 для ./watch_folder\test_4.txt через 1 секунд
2026-02-07 15:13:23,802 - processor - Файл обработан: test_4.txt - статус: OK
2026-02-07 15:13:24,799 - processor - Повторная попытка 2 для ./watch_folder\test_4.txt через 3 секунд
2026-02-07 15:13:27,800 - processor - Не удалось обработать после 3 попыток: ./watch_folder\test_4.txt
2026-02-07 15:13:27,801 - processor - Ошибка: (sqlite3.IntegrityError) NOT NULL constraint failed: files.created_at
[SQL: INSERT INTO files (path, status, lines, error, created_at, processed_at) VALUES (?, ?, ?, ?, ?, ?)]
[parameters: ('./watch_folder\\test_4.txt', 'OK', 3, None, None, None)]
(Background on this error at: https://sqlalche.me/e/20/gkpj)
2026-02-07 15:15:13,755 - watcher - Найден файл: test_6.txt (event: moved)
2026-02-07 15:15:15,756 - watcher - Файл добавлен в очередь: test_6.txt
2026-02-07 15:15:15,756 - processor - Начинаю обработку файла: ./watch_folder\test_6.txt
2026-02-07 15:15:15,756 - processor -  RESULT: {'path': './watch_folder\\test_6.txt', 'status': 'OK', 'lines': 2, 'error': None, 'created_at': datetime.datetime(2026, 2, 7, 15, 15, 15, 756899), 'processed_at': datetime.datetime(2026, 2, 7, 15, 15, 15, 756901)}
2026-02-07 15:15:15,757 - processor - Повторная попытка 1 для ./watch_folder\test_6.txt через 1 секунд
2026-02-07 15:15:15,776 - processor - Файл обработан: test_6.txt - статус: OK
2026-02-07 15:15:16,759 - processor - Повторная попытка 2 для ./watch_folder\test_6.txt через 3 секунд
2026-02-07 15:15:19,760 - processor - Не удалось обработать после 3 попыток: ./watch_folder\test_6.txt
2026-02-07 15:15:19,760 - processor - Ошибка: (sqlite3.IntegrityError) NOT NULL constraint failed: files.created_at
[SQL: INSERT INTO files (path, status, lines, error, created_at, processed_at) VALUES (?, ?, ?, ?, ?, ?)]
[parameters: ('./watch_folder\\test_6.txt', 'OK', 2, None, None, None)]
(Background on this error at: https://sqlalche.me/e/20/gkpj)
2026-02-07 15:16:34,168 - __main__ - Очередь создана, размер: 0
2026-02-07 15:16:34,168 - __main__ - Запуск Watcher для папки: ./watch_folder
2026-02-07 15:16:34,169 - __main__ - Watcher запущен
2026-02-07 15:16:34,169 - __main__ - Запуск Worker для обработки файлов...
2026-02-07 15:16:34,169 - processor - Воркер по обработке файлов запущен
2026-02-07 15:16:34,169 - __main__ - Worker запущен
2026-02-07 15:16:34,170 - watcher - Наблюдатель запущен по пути ./watch_folder
2026-02-07 15:17:47,399 - watcher - Найден файл: test_6.txt (event: created)
2026-02-07 15:17:47,399 - watcher - Найден файл: test_6.txt (event: created)
2026-02-07 15:17:49,399 - watcher - Файл добавлен в очередь: test_6.txt
2026-02-07 15:17:49,400 - processor - Начинаю обработку файла: ./watch_folder\test_6.txt
2026-02-07 15:17:49,400 - processor - Начинаю обработку файла: ./watch_folder\test_6.txt
2026-02-07 15:17:49,400 - watcher - Найден файл: test_4.txt (event: created)
2026-02-07 15:17:49,402 - processor - Повторная попытка 1 для ./watch_folder\test_6.txt через 1 секунд
2026-02-07 15:17:49,407 - processor - Файл обработан: test_6.txt - статус: OK
2026-02-07 15:17:50,403 - processor - Повторная попытка 2 для ./watch_folder\test_6.txt через 3 секунд
2026-02-07 15:17:51,400 - watcher - Файл добавлен в очередь: test_4.txt
2026-02-07 15:17:51,401 - watcher - Найден файл: test_3.txt (event: created)
2026-02-07 15:17:51,401 - processor - Начинаю обработку файла: ./watch_folder\test_4.txt
2026-02-07 15:17:51,401 - watcher - Найден файл: test_3.txt (event: created)
2026-02-07 15:17:51,406 - processor - Файл обработан: test_4.txt - статус: OK
2026-02-07 15:17:53,401 - watcher - Файл добавлен в очередь: test_3.txt
2026-02-07 15:17:53,401 - watcher - Файл добавлен в очередь: test_3.txt
2026-02-07 15:17:53,401 - watcher - Найден файл: test_1.txt (event: created)
2026-02-07 15:17:53,402 - watcher - Найден файл: test_1.txt (event: created)
2026-02-07 15:17:53,402 - processor - Начинаю обработку файла: ./watch_folder\test_3.txt
2026-02-07 15:17:53,407 - processor - Файл обработан: test_3.txt - статус: OK
2026-02-07 15:17:53,411 - processor - Не удалось обработать после 3 попыток: ./watch_folder\test_6.txt
2026-02-07 15:17:53,411 - processor - Ошибка: (sqlite3.IntegrityError) NOT NULL constraint failed: files.created_at
[SQL: INSERT INTO files (path, status, lines, error, created_at, processed_at) VALUES (?, ?, ?, ?, ?, ?)]
[parameters: ('./watch_folder\\test_6.txt', 'OK', 2, None, None, None)]
(Background on this error at: https://sqlalche.me/e/20/gkpj)
2026-02-07 15:17:53,411 - processor - Начинаю обработку файла: ./watch_folder\test_4.txt
2026-02-07 15:17:53,412 - processor - Повторная попытка 1 для ./watch_folder\test_4.txt через 1 секунд
2026-02-07 15:17:54,413 - processor - Повторная попытка 2 для ./watch_folder\test_4.txt через 3 секунд
2026-02-07 15:17:55,402 - watcher - Файл добавлен в очередь: test_1.txt
2026-02-07 15:17:55,402 - watcher - Файл добавлен в очередь: test_1.txt
2026-02-07 15:17:55,402 - watcher - Найден файл: test_2.txt (event: created)
2026-02-07 15:17:55,402 - processor - Начинаю обработку файла: ./watch_folder\test_1.txt
2026-02-07 15:17:55,402 - watcher - Найден файл: test_2.txt (event: created)
2026-02-07 15:17:55,409 - processor - Файл обработан: test_1.txt - статус: OK
2026-02-07 15:17:57,402 - watcher - Файл добавлен в очередь: test_2.txt
2026-02-07 15:17:57,403 - watcher - Файл добавлен в очередь: test_2.txt
2026-02-07 15:17:57,403 - processor - Начинаю обработку файла: ./watch_folder\test_2.txt
2026-02-07 15:17:57,408 - processor - Файл обработан: test_2.txt - статус: OK
2026-02-07 15:17:57,414 - processor - Не удалось обработать после 3 попыток: ./watch_folder\test_4.txt
2026-02-07 15:17:57,414 - processor - Ошибка: (sqlite3.IntegrityError) NOT NULL constraint failed: files.created_at
[SQL: INSERT INTO files (path, status, lines, error, created_at, processed_at) VALUES (?, ?, ?, ?, ?, ?)]
[parameters: ('./watch_folder\\test_4.txt', 'OK', 3, None, None, None)]
(Background on this error at: https://sqlalche.me/e/20/gkpj)
2026-02-07 15:17:57,414 - processor - Начинаю обработку файла: ./watch_folder\test_3.txt
2026-02-07 15:17:57,415 - processor - Повторная попытка 1 для ./watch_folder\test_3.txt через 1 секунд
2026-02-07 15:17:58,417 - processor - Повторная попытка 2 для ./watch_folder\test_3.txt через 3 секунд
2026-02-07 15:18:01,418 - processor - Не удалось обработать после 3 попыток: ./watch_folder\test_3.txt
2026-02-07 15:18:01,418 - processor - Ошибка: (sqlite3.IntegrityError) NOT NULL constraint failed: files.created_at
[SQL: INSERT INTO files (path, status, lines, error, created_at, processed_at) VALUES (?, ?, ?, ?, ?, ?)]
[parameters: ('./watch_folder\\test_3.txt', 'OK', 0, None, None, None)]
(Background on this error at: https://sqlalche.me/e/20/gkpj)
2026-02-07 15:18:01,418 - processor - Начинаю обработку файла: ./watch_folder\test_1.txt
2026-02-07 15:18:01,419 - processor - Повторная попытка 1 для ./watch_folder\test_1.txt через 1 секунд
2026-02-07 15:18:02,420 - processor - Повторная попытка 2 для ./watch_folder\test_1.txt через 3 секунд
2026-02-07 15:18:05,421 - processor - Не удалось обработать после 3 попыток: ./watch_folder\test_1.txt
2026-02-07 15:18:05,422 - processor - Ошибка: (sqlite3.IntegrityError) NOT NULL constraint failed: files.lines
[SQL: INSERT INTO files (path, status, lines, error, created_at, processed_at) VALUES (?, ?, ?, ?, ?, ?)]
[parameters: ('./watch_folder\\test_1.txt', 'FAILED', None, "'charmap' codec can't decode byte 0x98 in position 310: character maps to <undefined>", None, None)]
(Background on this error at: https://sqlalche.me/e/20/gkpj)
2026-02-07 15:18:05,422 - processor - Начинаю обработку файла: ./watch_folder\test_2.txt
2026-02-07 15:18:05,422 - processor - Повторная попытка 1 для ./watch_folder\test_2.txt через 1 секунд
2026-02-07 15:18:06,423 - processor - Повторная попытка 2 для ./watch_folder\test_2.txt через 3 секунд
2026-02-07 15:18:09,425 - processor - Не удалось обработать после 3 попыток: ./watch_folder\test_2.txt
2026-02-07 15:18:09,425 - processor - Ошибка: (sqlite3.IntegrityError) NOT NULL constraint failed: files.created_at
[SQL: INSERT INTO files (path, status, lines, error, created_at, processed_at) VALUES (?, ?, ?, ?, ?, ?)]
[parameters: ('./watch_folder\\test_2.txt', 'OK', 11, None, None, None)]
(Background on this error at: https://sqlalche.me/e/20/gkpj)
2026-02-07 15:23:59,610 - __main__ - Очередь создана, размер: 0
2026-02-07 15:23:59,610 - __main__ - Запуск Watcher для папки: ./watch_folder
2026-02-07 15:23:59,610 - __main__ - Watcher запущен
2026-02-07 15:23:59,610 - __main__ - Запуск Worker для обработки файлов...
2026-02-07 15:23:59,611 - watcher - Наблюдатель запущен по пути ./watch_folder
2026-02-07 15:23:59,611 - processor - Воркер по обработке файлов запущен
2026-02-07 15:23:59,611 - __main__ - Worker запущен
2026-02-07 15:26:02,629 - __main__ - Очередь создана, размер: 0
2026-02-07 15:26:02,629 - __main__ - Запуск Watcher для папки: ./watch_folder
2026-02-07 15:26:02,630 - __main__ - Watcher запущен
2026-02-07 15:26:02,630 - __main__ - Запуск Worker для обработки файлов...
2026-02-07 15:26:02,630 - watcher - Наблюдатель запущен по пути ./watch_folder
2026-02-07 15:26:02,630 - processor - Воркер по обработке файлов запущен
2026-02-07 15:26:02,630 - __main__ - Worker запущен
2026-02-07 15:32:27,622 - __main__ - Очередь создана, размер: 0
2026-02-07 15:32:27,622 - __main__ - Запуск Watcher для папки: ./watch_folder
2026-02-07 15:32:27,622 - __main__ - Watcher запущен
2026-02-07 15:32:27,622 - __main__ - Запуск Worker для обработки файлов...
2026-02-07 15:32:27,623 - processor - Воркер по обработке файлов запущен
2026-02-07 15:32:27,623 - __main__ - Worker запущен
2026-02-07 15:32:27,623 - watcher - Наблюдатель запущен по пути ./watch_folder
2026-02-07 15:33:48,013 - __main__ - Очередь создана, размер: 0
2026-02-07 15:33:48,013 - __main__ - Запуск Watcher для папки: ./watch_folder
2026-02-07 15:33:48,014 - __main__ - Watcher запущен
2026-02-07 15:33:48,014 - __main__ - Запуск Worker для обработки файлов...
2026-02-07 15:33:48,014 - processor - Воркер по обработке файлов запущен
2026-02-07 15:33:48,014 - __main__ - Worker запущен
2026-02-07 15:33:48,014 - watcher - Наблюдатель запущен по пути ./watch_folder
2026-02-07 15:34:20,010 - __main__ - Очередь создана, размер: 0
2026-02-07 15:34:20,010 - __main__ - Запуск Watcher для папки: ./watch_folder
2026-02-07 15:34:20,011 - __main__ - Watcher запущен
2026-02-07 15:34:20,011 - __main__ - Запуск Worker для обработки файлов...
2026-02-07 15:34:20,011 - processor - Воркер по обработке файлов запущен
2026-02-07 15:34:20,011 - __main__ - Worker запущен
2026-02-07 15:34:20,011 - watcher - Наблюдатель запущен по пути ./watch_folder
2026-02-07 15:34:38,697 - __main__ - Очередь создана, размер: 0
2026-02-07 15:34:38,697 - __main__ - Запуск Watcher для папки: ./watch_folder
2026-02-07 15:34:38,698 - __main__ - Watcher запущен
2026-02-07 15:34:38,698 - __main__ - Запуск Worker для обработки файлов...
2026-02-07 15:34:38,698 - watcher - Наблюдатель запущен по пути ./watch_folder
2026-02-07 15:34:38,698 - processor - Воркер по обработке файлов запущен
2026-02-07 15:34:38,698 - __main__ - Worker запущен
2026-02-07 15:34:49,190 - __main__ - Очередь создана, размер: 0
2026-02-07 15:34:49,190 - __main__ - Запуск Watcher для папки: ./watch_folder
2026-02-07 15:34:49,191 - __main__ - Watcher запущен
2026-02-07 15:34:49,191 - __main__ - Запуск Worker для обработки файлов...
2026-02-07 15:34:49,191 - watcher - Наблюдатель запущен по пути ./watch_folder
2026-02-07 15:34:49,191 - processor - Воркер по обработке файлов запущен
2026-02-07 15:34:49,191 - __main__ - Worker запущен
2026-02-07 15:35:02,038 - __main__ - Очередь создана, размер: 0
2026-02-07 15:35:02,039 - __main__ - Запуск Watcher для папки: ./watch_folder
2026-02-07 15:35:02,039 - __main__ - Watcher запущен
2026-02-07 15:35:02,039 - __main__ - Запуск Worker для обработки файлов...
2026-02-07 15:35:02,040 - processor - Воркер по обработке файлов запущен
2026-02-07 15:35:02,040 - __main__ - Worker запущен
2026-02-07 15:35:34,746 - __main__ - Очередь создана, размер: 0
2026-02-07 15:35:34,747 - __main__ - Запуск Watcher для папки: ./watch_folder
2026-02-07 15:35:34,747 - __main__ - Watcher запущен
2026-02-07 15:35:34,747 - __main__ - Запуск Worker для обработки файлов...
2026-02-07 15:35:34,747 - processor - Воркер по обработке файлов запущен
2026-02-07 15:35:34,747 - __main__ - Worker запущен
2026-02-07 15:35:34,748 - watcher - Наблюдатель запущен по пути ./watch_folder
2026-02-07 15:35:50,085 - watcher - Найден файл: test_1.txt (event: created)
2026-02-07 15:35:52,086 - watcher - Файл добавлен в очередь: test_1.txt
2026-02-07 15:35:52,086 - processor - Начинаю обработку файла: ./watch_folder\test_1.txt
2026-02-07 15:35:52,086 - watcher - Найден файл: test_2.txt (event: created)
2026-02-07 15:35:52,096 - processor - Файл обработан: test_1.txt - статус: OK
2026-02-07 15:35:54,087 - watcher - Файл добавлен в очередь: test_2.txt
2026-02-07 15:35:54,087 - processor - Начинаю обработку файла: ./watch_folder\test_2.txt
2026-02-07 15:35:54,087 - watcher - Найден файл: test_3.txt (event: created)
2026-02-07 15:35:54,307 - processor - Файл обработан: test_2.txt - статус: OK
2026-02-07 15:35:56,088 - watcher - Файл добавлен в очередь: test_3.txt
2026-02-07 15:35:56,088 - processor - Начинаю обработку файла: ./watch_folder\test_3.txt
2026-02-07 15:35:56,088 - watcher - Найден файл: test_4.txt (event: created)
2026-02-07 15:35:56,094 - processor - Файл обработан: test_3.txt - статус: OK
2026-02-07 15:35:58,089 - watcher - Файл добавлен в очередь: test_4.txt
2026-02-07 15:35:58,089 - processor - Начинаю обработку файла: ./watch_folder\test_4.txt
2026-02-07 15:35:58,089 - watcher - Найден файл: test_6.txt (event: created)
2026-02-07 15:35:58,095 - processor - Файл обработан: test_4.txt - статус: OK
2026-02-07 15:36:00,089 - watcher - Файл добавлен в очередь: test_6.txt
2026-02-07 15:36:00,089 - processor - Начинаю обработку файла: ./watch_folder\test_6.txt
2026-02-07 15:36:00,089 - watcher - Найден файл: test_7.txt (event: created)
2026-02-07 15:36:00,097 - processor - Файл обработан: test_6.txt - статус: OK
2026-02-07 15:36:02,090 - watcher - Файл добавлен в очередь: test_7.txt
2026-02-07 15:36:02,090 - processor - Начинаю обработку файла: ./watch_folder\test_7.txt
2026-02-07 15:36:02,091 - watcher - Найден файл: test_8.txt (event: created)
2026-02-07 15:36:02,096 - processor - Файл обработан: test_7.txt - статус: OK
2026-02-07 15:36:04,091 - watcher - Файл добавлен в очередь: test_8.txt
2026-02-07 15:36:04,091 - processor - Начинаю обработку файла: ./watch_folder\test_8.txt
2026-02-07 15:36:04,091 - watcher - Найден файл: test_9.txt (event: created)
2026-02-07 15:36:04,098 - processor - Файл обработан: test_8.txt - статус: OK
2026-02-07 15:36:06,092 - watcher - Файл добавлен в очередь: test_9.txt
2026-02-07 15:36:06,092 - processor - Начинаю обработку файла: ./watch_folder\test_9.txt
2026-02-07 15:36:06,092 - watcher - Найден файл: test_10.txt (event: created)
2026-02-07 15:36:06,098 - processor - Файл обработан: test_9.txt - статус: OK
2026-02-07 15:36:08,093 - watcher - Файл добавлен в очередь: test_10.txt
2026-02-07 15:36:08,093 - processor - Начинаю обработку файла: ./watch_folder\test_10.txt
2026-02-07 15:36:08,093 - watcher - Найден файл: test_11.txt (event: created)
2026-02-07 15:36:08,099 - processor - Файл обработан: test_10.txt - статус: OK
2026-02-07 15:36:10,094 - watcher - Файл добавлен в очередь: test_11.txt
2026-02-07 15:36:10,094 - processor - Начинаю обработку файла: ./watch_folder\test_11.txt
2026-02-07 15:36:10,094 - watcher - Найден файл: test_12.txt (event: created)
2026-02-07 15:36:10,101 - processor - Файл обработан: test_11.txt - статус: OK
2026-02-07 15:36:12,095 - watcher - Файл добавлен в очередь: test_12.txt
2026-02-07 15:36:12,095 - processor - Начинаю обработку файла: ./watch_folder\test_12.txt
2026-02-07 15:36:12,100 - processor - Файл обработан: test_12.txt - статус: OK
2026-02-07 15:37:59,948 - __main__ - Очередь создана, размер: 0
2026-02-07 15:37:59,949 - __main__ - Запуск Watcher для папки: ./watch_folder
2026-02-07 15:37:59,949 - __main__ - Watcher запущен
2026-02-07 15:37:59,949 - __main__ - Запуск Worker для обработки файлов...
2026-02-07 15:37:59,949 - watcher - Наблюдатель запущен по пути ./watch_folder
2026-02-07 15:37:59,950 - processor - Воркер по обработке файлов запущен
2026-02-07 15:37:59,950 - __main__ - Worker запущен
2026-02-07 15:38:18,744 - watcher - Найден файл: test_1.txt (event: created)
2026-02-07 15:38:20,745 - watcher - Файл добавлен в очередь: test_1.txt
2026-02-07 15:38:20,745 - processor - Начинаю обработку файла: ./watch_folder\test_1.txt
2026-02-07 15:38:20,745 - watcher - Найден файл: test_2.txt (event: created)
2026-02-07 15:38:20,754 - processor - Файл обработан: test_1.txt - статус: OK
2026-02-07 15:38:22,746 - watcher - Файл добавлен в очередь: test_2.txt
2026-02-07 15:38:22,746 - processor - Начинаю обработку файла: ./watch_folder\test_2.txt
2026-02-07 15:38:22,746 - watcher - Найден файл: test_3.txt (event: created)
2026-02-07 15:38:22,753 - processor - Файл обработан: test_2.txt - статус: OK
2026-02-07 15:38:24,747 - watcher - Файл добавлен в очередь: test_3.txt
2026-02-07 15:38:24,747 - processor - Начинаю обработку файла: ./watch_folder\test_3.txt
2026-02-07 15:38:24,747 - watcher - Найден файл: test_4.txt (event: created)
2026-02-07 15:38:24,752 - processor - Файл обработан: test_3.txt - статус: OK
2026-02-07 15:38:26,748 - watcher - Файл добавлен в очередь: test_4.txt
2026-02-07 15:38:26,748 - processor - Начинаю обработку файла: ./watch_folder\test_4.txt
2026-02-07 15:38:26,748 - watcher - Найден файл: test_6.txt (event: created)
2026-02-07 15:38:26,754 - processor - Файл обработан: test_4.txt - статус: OK
2026-02-07 15:38:28,749 - watcher - Файл добавлен в очередь: test_6.txt
2026-02-07 15:38:28,749 - processor - Начинаю обработку файла: ./watch_folder\test_6.txt
2026-02-07 15:38:28,749 - watcher - Найден файл: test_7.txt (event: created)
2026-02-07 15:38:28,755 - processor - Файл обработан: test_6.txt - статус: OK
2026-02-07 15:38:30,750 - watcher - Файл добавлен в очередь: test_7.txt
2026-02-07 15:38:30,750 - processor - Начинаю обработку файла: ./watch_folder\test_7.txt
2026-02-07 15:38:30,750 - watcher - Найден файл: test_8.txt (event: created)
2026-02-07 15:38:30,756 - processor - Файл обработан: test_7.txt - статус: OK
2026-02-07 15:38:32,750 - watcher - Файл добавлен в очередь: test_8.txt
2026-02-07 15:38:32,750 - processor - Начинаю обработку файла: ./watch_folder\test_8.txt
2026-02-07 15:38:32,751 - watcher - Найден файл: test_9.txt (event: created)
2026-02-07 15:38:32,757 - processor - Файл обработан: test_8.txt - статус: OK
2026-02-07 15:38:34,751 - watcher - Файл добавлен в очередь: test_9.txt
2026-02-07 15:38:34,751 - processor - Начинаю обработку файла: ./watch_folder\test_9.txt
2026-02-07 15:38:34,752 - watcher - Найден файл: test_10.txt (event: created)
2026-02-07 15:38:34,758 - processor - Файл обработан: test_9.txt - статус: OK
2026-02-07 15:38:36,752 - watcher - Файл добавлен в очередь: test_10.txt
2026-02-07 15:38:36,752 - processor - Начинаю обработку файла: ./watch_folder\test_10.txt
2026-02-07 15:38:36,753 - watcher - Найден файл: test_11.txt (event: created)
2026-02-07 15:38:36,758 - processor - Файл обработан: test_10.txt - статус: OK
2026-02-07 15:38:38,753 - watcher - Файл добавлен в очередь: test_11.txt
2026-02-07 15:38:38,753 - processor - Начинаю обработку файла: ./watch_folder\test_11.txt
2026-02-07 15:38:38,753 - watcher - Найден файл: test_12.txt (event: created)
2026-02-07 15:38:38,760 - processor - Файл обработан: test_11.txt - статус: OK
2026-02-07 15:38:40,754 - watcher - Файл добавлен в очередь: test_12.txt
2026-02-07 15:38:40,754 - processor - Начинаю обработку файла: ./watch_folder\test_12.txt
2026-02-07 15:38:40,760 - processor - Файл обработан: test_12.txt - статус: OK
2026-02-07 15:39:24,784 - __main__ - Очередь создана, размер: 0
2026-02-07 15:39:24,784 - __main__ - Запуск Watcher для папки: ./watch_folder
2026-02-07 15:39:24,784 - __main__ - Watcher запущен
2026-02-07 15:39:24,784 - __main__ - Запуск Worker для обработки файлов...
2026-02-07 15:39:24,785 - processor - Воркер по обработке файлов запущен
2026-02-07 15:39:24,785 - __main__ - Worker запущен
2026-02-07 15:39:24,785 - watcher - Наблюдатель запущен по пути ./watch_folder
2026-02-07 15:39:42,322 - watcher - Найден файл: test_1.txt (event: created)
2026-02-07 15:39:44,323 - watcher - Файл добавлен в очередь: test_1.txt
2026-02-07 15:39:44,323 - processor - Начинаю обработку файла: ./watch_folder\test_1.txt
2026-02-07 15:39:44,323 - watcher - Найден файл: test_2.txt (event: created)
2026-02-07 15:39:44,357 - processor - Файл обработан: test_1.txt - статус: OK
2026-02-07 15:39:46,324 - watcher - Файл добавлен в очередь: test_2.txt
2026-02-07 15:39:46,324 - processor - Начинаю обработку файла: ./watch_folder\test_2.txt
2026-02-07 15:39:46,324 - watcher - Найден файл: test_3.txt (event: created)
2026-02-07 15:39:46,331 - processor - Файл обработан: test_2.txt - статус: OK
2026-02-07 15:39:48,008 - __main__ - Очередь размер: <queue.Queue object at 0x0000015EAA4317F0>
2026-02-07 15:39:48,325 - watcher - Файл добавлен в очередь: test_3.txt
2026-02-07 15:39:48,325 - processor - Начинаю обработку файла: ./watch_folder\test_3.txt
2026-02-07 15:39:48,325 - watcher - Найден файл: test_4.txt (event: created)
2026-02-07 15:39:48,331 - processor - Файл обработан: test_3.txt - статус: OK
2026-02-07 15:39:50,326 - watcher - Файл добавлен в очередь: test_4.txt
2026-02-07 15:39:50,326 - processor - Начинаю обработку файла: ./watch_folder\test_4.txt
2026-02-07 15:39:50,326 - watcher - Найден файл: test_6.txt (event: created)
2026-02-07 15:39:50,333 - processor - Файл обработан: test_4.txt - статус: OK
2026-02-07 15:39:52,327 - watcher - Файл добавлен в очередь: test_6.txt
2026-02-07 15:39:52,327 - processor - Начинаю обработку файла: ./watch_folder\test_6.txt
2026-02-07 15:39:52,327 - watcher - Найден файл: test_7.txt (event: created)
2026-02-07 15:39:52,333 - processor - Файл обработан: test_6.txt - статус: OK
2026-02-07 15:39:54,328 - watcher - Файл добавлен в очередь: test_7.txt
2026-02-07 15:39:54,328 - processor - Начинаю обработку файла: ./watch_folder\test_7.txt
2026-02-07 15:39:54,328 - watcher - Найден файл: test_8.txt (event: created)
2026-02-07 15:39:54,334 - processor - Файл обработан: test_7.txt - статус: OK
2026-02-07 15:39:55,530 - __main__ - Очередь размер: <queue.Queue object at 0x0000015EAA4317F0>
2026-02-07 15:39:55,726 - __main__ - Очередь размер: <queue.Queue object at 0x0000015EAA4317F0>
2026-02-07 15:39:55,862 - __main__ - Очередь размер: <queue.Queue object at 0x0000015EAA4317F0>
2026-02-07 15:39:55,987 - __main__ - Очередь размер: <queue.Queue object at 0x0000015EAA4317F0>
2026-02-07 15:39:56,328 - watcher - Файл добавлен в очередь: test_8.txt
2026-02-07 15:39:56,328 - processor - Начинаю обработку файла: ./watch_folder\test_8.txt
2026-02-07 15:39:56,328 - watcher - Найден файл: test_9.txt (event: created)
2026-02-07 15:39:56,335 - processor - Файл обработан: test_8.txt - статус: OK
2026-02-07 15:39:58,329 - watcher - Файл добавлен в очередь: test_9.txt
2026-02-07 15:39:58,329 - processor - Начинаю обработку файла: ./watch_folder\test_9.txt
2026-02-07 15:39:58,329 - watcher - Найден файл: test_10.txt (event: created)
2026-02-07 15:39:58,336 - processor - Файл обработан: test_9.txt - статус: OK
2026-02-07 15:40:00,330 - watcher - Файл добавлен в очередь: test_10.txt
2026-02-07 15:40:00,330 - processor - Начинаю обработку файла: ./watch_folder\test_10.txt
2026-02-07 15:40:00,330 - watcher - Найден файл: test_11.txt (event: created)
2026-02-07 15:40:00,336 - processor - Файл обработан: test_10.txt - статус: OK
2026-02-07 15:40:02,331 - watcher - Файл добавлен в очередь: test_11.txt
2026-02-07 15:40:02,331 - processor - Начинаю обработку файла: ./watch_folder\test_11.txt
2026-02-07 15:40:02,331 - watcher - Найден файл: test_12.txt (event: created)
2026-02-07 15:40:02,357 - processor - Файл обработан: test_11.txt - статус: OK
2026-02-07 15:40:04,331 - watcher - Файл добавлен в очередь: test_12.txt
2026-02-07 15:40:04,332 - processor - Начинаю обработку файла: ./watch_folder\test_12.txt
2026-02-07 15:40:04,338 - processor - Файл обработан: test_12.txt - статус: OK
2026-02-07 15:40:18,350 - __main__ - Очередь создана, размер: 0
2026-02-07 15:40:18,350 - __main__ - Запуск Watcher для папки: ./watch_folder
2026-02-07 15:40:18,351 - __main__ - Watcher запущен
2026-02-07 15:40:18,351 - __main__ - Запуск Worker для обработки файлов...
2026-02-07 15:40:18,351 - watcher - Наблюдатель запущен по пути ./watch_folder
2026-02-07 15:40:18,351 - processor - Воркер по обработке файлов запущен
2026-02-07 15:40:18,352 - __main__ - Worker запущен
2026-02-07 15:40:31,587 - watcher - Найден файл: test_1.txt (event: created)
2026-02-07 15:40:33,588 - watcher - Файл добавлен в очередь: test_1.txt
2026-02-07 15:40:33,588 - processor - Начинаю обработку файла: ./watch_folder\test_1.txt
2026-02-07 15:40:33,588 - watcher - Найден файл: test_2.txt (event: created)
2026-02-07 15:40:33,595 - processor - Файл обработан: test_1.txt - статус: OK
2026-02-07 15:40:35,588 - watcher - Файл добавлен в очередь: test_2.txt
2026-02-07 15:40:35,588 - processor - Начинаю обработку файла: ./watch_folder\test_2.txt
2026-02-07 15:40:35,589 - watcher - Найден файл: test_3.txt (event: created)
2026-02-07 15:40:35,594 - processor - Файл обработан: test_2.txt - статус: OK
2026-02-07 15:40:36,252 - __main__ - Очередь размер: 0
2026-02-07 15:40:37,579 - __main__ - Очередь размер: 0
2026-02-07 15:40:37,589 - watcher - Файл добавлен в очередь: test_3.txt
2026-02-07 15:40:37,589 - processor - Начинаю обработку файла: ./watch_folder\test_3.txt
2026-02-07 15:40:37,590 - watcher - Найден файл: test_4.txt (event: created)
2026-02-07 15:40:37,594 - processor - Файл обработан: test_3.txt - статус: OK
2026-02-07 15:40:37,908 - __main__ - Очередь размер: 0
2026-02-07 15:40:38,076 - __main__ - Очередь размер: 0
2026-02-07 15:40:38,211 - __main__ - Очередь размер: 0
2026-02-07 15:40:38,346 - __main__ - Очередь размер: 0
2026-02-07 15:40:38,459 - __main__ - Очередь размер: 0
2026-02-07 15:40:38,589 - __main__ - Очередь размер: 0
2026-02-07 15:40:39,590 - watcher - Файл добавлен в очередь: test_4.txt
2026-02-07 15:40:39,590 - processor - Начинаю обработку файла: ./watch_folder\test_4.txt
2026-02-07 15:40:39,590 - watcher - Найден файл: test_6.txt (event: created)
2026-02-07 15:40:39,597 - processor - Файл обработан: test_4.txt - статус: OK
2026-02-07 15:40:41,591 - watcher - Файл добавлен в очередь: test_6.txt
2026-02-07 15:40:41,591 - processor - Начинаю обработку файла: ./watch_folder\test_6.txt
2026-02-07 15:40:41,591 - watcher - Найден файл: test_7.txt (event: created)
2026-02-07 15:40:41,598 - processor - Файл обработан: test_6.txt - статус: OK
2026-02-07 15:40:43,593 - watcher - Файл добавлен в очередь: test_7.txt
2026-02-07 15:40:43,593 - watcher - Найден файл: test_8.txt (event: created)
2026-02-07 15:40:43,593 - processor - Начинаю обработку файла: ./watch_folder\test_7.txt
2026-02-07 15:40:43,598 - processor - Файл обработан: test_7.txt - статус: OK
2026-02-07 15:40:45,593 - watcher - Файл добавлен в очередь: test_8.txt
2026-02-07 15:40:45,593 - processor - Начинаю обработку файла: ./watch_folder\test_8.txt
2026-02-07 15:40:45,594 - watcher - Найден файл: test_9.txt (event: created)
2026-02-07 15:40:45,601 - processor - Файл обработан: test_8.txt - статус: OK
2026-02-07 15:40:45,643 - __main__ - Очередь размер: 0
2026-02-07 15:40:45,782 - __main__ - Очередь размер: 0
2026-02-07 15:40:45,913 - __main__ - Очередь размер: 0
2026-02-07 15:40:47,594 - watcher - Файл добавлен в очередь: test_9.txt
2026-02-07 15:40:47,594 - processor - Начинаю обработку файла: ./watch_folder\test_9.txt
2026-02-07 15:40:47,594 - watcher - Найден файл: test_10.txt (event: created)
2026-02-07 15:40:47,601 - processor - Файл обработан: test_9.txt - статус: OK
2026-02-07 15:43:56,195 - __main__ - Очередь создана, размер: 0
2026-02-07 15:43:56,195 - __main__ - Запуск Watcher для папки: ./watch_folder
2026-02-07 15:43:56,195 - __main__ - Watcher запущен
2026-02-07 15:43:56,195 - __main__ - Запуск Worker для обработки файлов...
2026-02-07 15:43:56,196 - processor - Воркер по обработке файлов запущен
2026-02-07 15:43:56,196 - __main__ - Worker запущен
2026-02-07 15:43:56,196 - watcher - Наблюдатель запущен по пути ./watch_folder
2026-02-07 15:44:11,431 - watcher - Найден файл: test_12.txt (event: moved)
2026-02-07 15:44:13,431 - processor - Начинаю обработку файла: ./watch_folder\test_12.txt
2026-02-07 15:44:13,439 - processor - Файл обработан: test_12.txt - статус: OK
2026-02-07 15:44:15,755 - __main__ - Очередь размер: 0
2026-02-07 15:44:18,432 - watcher - Файл добавлен в очередь: test_12.txt
2026-02-07 15:44:38,149 - __main__ - Очередь создана, размер: 0
2026-02-07 15:44:38,150 - __main__ - Запуск Watcher для папки: ./watch_folder
2026-02-07 15:44:38,150 - __main__ - Watcher запущен
2026-02-07 15:44:38,150 - __main__ - Запуск Worker для обработки файлов...
2026-02-07 15:44:38,150 - watcher - Наблюдатель запущен по пути ./watch_folder
2026-02-07 15:44:38,151 - processor - Воркер по обработке файлов запущен
2026-02-07 15:44:38,151 - __main__ - Worker запущен
2026-02-07 15:44:47,426 - watcher - Найден файл: test_13.txt (event: moved)
2026-02-07 15:44:49,427 - watcher - Файл добавлен в очередь: test_13.txt
2026-02-07 15:44:49,427 - processor - Начинаю обработку файла: ./watch_folder\test_13.txt
2026-02-07 15:44:49,434 - processor - Файл обработан: test_13.txt - статус: OK
2026-02-07 15:44:52,693 - __main__ - Очередь размер: 0
2026-02-07 15:44:53,014 - __main__ - Очередь размер: 0
2026-02-07 15:45:04,230 - __main__ - Очередь размер: 0
2026-02-07 15:45:04,547 - __main__ - Очередь размер: 0
